Symbolic pkg v2.8.0: Python communication link active, SymPy v1.5.1.
Z = (sym) 0
O = (sym) 1.0000000000000000000000000000000
R1 = (sym) 1027.7969428100000186532270163298
R2 = (sym) 2077.1567246099998556019272655249
R3 = (sym) 3115.6225241000001915381290018559
R4 = (sym) 4111.0590875099996992503292858601
R5 = (sym) 3028.7903208100001393177080899477
R6 = (sym) 2029.8316466100000070582609623671
R7 = (sym) 1004.5495661100000006626942194998
Va = (sym) 5.1850419077899996267433380126022
Id = (sym) 0.0010314759049200000577684033231662
Kb = (sym) 0.0070024881644599997268518798421155
Kc = (sym) 8145.6289393699998981901444494724
A = (sym 15×15 matrix)

  ⎡                  0                                      0                   
  ⎢                                                                             
  ⎢                  0                                      0                   
  ⎢                                                                             
  ⎢                  0                                      0                   
  ⎢                                                                             
  ⎢                  0                                      0                   
  ⎢                                                                             
  ⎢                  0                                      0                   
  ⎢                                                                             
  ⎢                  0                                      0                   
  ⎢                                                                             
  ⎢0.00097295483022745417875257191643126  -0.00017056436416560945152514889349115
  ⎢                                                                             
  ⎢                  0                    0.00032096314372642647647988223506582 
  ⎢                                                                             
  ⎢                  0                    0.00048142732233541825074754078787429 
  ⎢                                                                             
  ⎢                  0                                      0                   
  ⎢                                                                             
  ⎢                  0                                      0                   
  ⎢                                                                             
  ⎢                  0                                      0                   
  ⎢                                                                             
  ⎢                  0                                      0                   
  ⎢                                                                             
  ⎢                  0                                      0                   
  ⎢                                                                             
  ⎣                  0                                      0                   
  
                      0                                       0                 
                                                                                
                      0                                       0                 
                                                                                
                      0                                       0                 
                                                                                
                      0                                       0                 
                                                                                
                      0                                       0                 
                                                                                
                      0                                       0                 
                                                                                
    -0.00048142732233541825074754078787429                    0                 
                                                                                
                      0                                       0                 
                                                                                
    -0.00048142732233541825074754078787429                    0                 
                                                                                
                      0                                       0                 
                                                                                
                      0                     -0.000492651694375781972094403327952
                                                                                
                      0                     0.0004926516943757819720944033279525
                                                                                
                      0                                       0                 
                                                                                
                      0                                       0                 
                                                                                
                      0                                       0                 
  
                        0                                       0               
                                                                                
                        0                                       0               
                                                                                
                        0                                       0               
                                                                                
                        0                                       0               
                                                                                
                        0                                       0               
                                                                                
                        0                                       0               
                                                                                
      -0.00032096314372642647647988223506582                    0               
                                                                                
      -0.00032096314372642647647988223506582                    0               
                                                                                
                        0                                       0               
                                                                                
      -0.00033016481633914045683013498460337  0.00033016481633914045683013498460
                                                                                
  57                    0                                       0               
                                                                                
  7                     0                                       0               
                                                                                
                        0                                       0               
                                                                                
                        0                                       0               
                                                                                
                        1                                       0               
  
                         0                                      0               
                                                                                
                         0                                      -1              
                                                                                
                         0                                      0               
                                                                                
                         0                                      0               
                                                                                
                         0                                      0               
                                                                                
                         0                                      0               
                                                                                
                         0                                      0               
                                                                                
                         0                                      0               
                                                                                
                         0                                      0               
                                                                                
  337                    0                                      0               
                                                                                
       -0.00050281934432306724435474666169102                   0               
                                                                                
       -0.00049265169437578197209440332795257                   0               
                                                                                
                         0                     0.0070024881644599997268518798421
                                                                                
                         0                                      0               
                                                                                
                         0                                      0               
  
       0   8254.4785544199999094416853040457   -3115.622524100000191538129001855
                                                                                
       0   3115.6225241000001915381290018559   -3115.622524100000191538129001855
                                                                                
       0                   0                                   1                
                                                                                
       1   -4111.0590875099996992503292858601                  0                
                                                                                
       0                   0                                   0                
                                                                                
       0                   0                                   0                
                                                                                
       0                   0                                   0                
                                                                                
       0                   0                                   0                
                                                                                
       0                   0                                   0                
                                                                                
       0                   0                                   0                
                                                                                
       0                   0                                   0                
                                                                                
       0                   0                                   0                
                                                                                
  155  0                   0                                   0                
                                                                                
       -1                  0                                   0                
                                                                                
       -1                  0                                   0                
  
  9  -4111.0590875099996992503292858601  0  0                   0               
                                                                                
  9                  0                   0  0                   0               
                                                                                
                     0                   0  1                   0               
                                                                                
     7145.4403002299997069712844677269   0  0                   0               
                                                                                
                     1                   0  0                   1               
                                                                                
                     0                   1  0                   0               
                                                                                
                     0                   0  0                   0               
                                                                                
                     0                   0  -1                  0               
                                                                                
                     0                   0  1                   0               
                                                                                
                     0                   0  -1                  0               
                                                                                
                     0                   0  0                   0               
                                                                                
                     0                   0  0                  -1               
                                                                                
                     0                   0  -1                  0               
                                                                                
                     0                   0  0   8145.628939369999898190144449472
                                                                                
                     0                   0  0                   0               
  
   ⎤
   ⎥
   ⎥
   ⎥
   ⎥
   ⎥
   ⎥
   ⎥
   ⎥
   ⎥
   ⎥
   ⎥
   ⎥
   ⎥
   ⎥
   ⎥
   ⎥
   ⎥
   ⎥
   ⎥
   ⎥
   ⎥
   ⎥
   ⎥
   ⎥
   ⎥
  4⎥
   ⎥
   ⎦

B = (sym 15×1 matrix)

  ⎡  5.1850419077899996267433380126022  ⎤
  ⎢                                     ⎥
  ⎢                  0                  ⎥
  ⎢                                     ⎥
  ⎢                  0                  ⎥
  ⎢                                     ⎥
  ⎢                  0                  ⎥
  ⎢                                     ⎥
  ⎢                  0                  ⎥
  ⎢                                     ⎥
  ⎢-0.0010314759049200000577684033231662⎥
  ⎢                                     ⎥
  ⎢                  0                  ⎥
  ⎢                                     ⎥
  ⎢                  0                  ⎥
  ⎢                                     ⎥
  ⎢                  0                  ⎥
  ⎢                                     ⎥
  ⎢-0.0010314759049200000577684033231662⎥
  ⎢                                     ⎥
  ⎢                  0                  ⎥
  ⎢                                     ⎥
  ⎢                  0                  ⎥
  ⎢                                     ⎥
  ⎢                  0                  ⎥
  ⎢                                     ⎥
  ⎢                  0                  ⎥
  ⎢                                     ⎥
  ⎣                  0                  ⎦

X = (sym 15×1 matrix)

  ⎡  7.1581440166430365305823142126582   ⎤
  ⎢                                      ⎥
  ⎢  7.1581440166430365305823142126581   ⎥
  ⎢                                      ⎥
  ⎢  6.6424217581849624158577492000826   ⎥
  ⎢                                      ⎥
  ⎢  0.99835499279709237124269502182033  ⎥
  ⎢                                      ⎥
  ⎢  7.9316994569208443014580330154612   ⎥
  ⎢                                      ⎥
  ⎢  4.0555787210163382659089980469475   ⎥
  ⎢                                      ⎥
  ⎢ -0.97816697854407815450658528452128  ⎥
  ⎢                                      ⎥
  ⎢ -0.035456366383932556873533801834642 ⎥
  ⎢                                      ⎥
  ⎢  7.9316994569208443014580330154612   ⎥
  ⎢                                      ⎥
  ⎢0.00023690259913854214667773090974985 ⎥
  ⎢                                      ⎥
  ⎢0.00024828278595824512813294644296237 ⎥
  ⎢                                      ⎥
  ⎢-0.00097373689815218843573175635902036⎥
  ⎢                                      ⎥
  ⎢-0.0010314759049200000577684033231662 ⎥
  ⎢                                      ⎥
  ⎢-0.00024828278595824512813294644296237⎥
  ⎢                                      ⎥
  ⎣0.00097373689815218843573175635902036 ⎦

