valores = 

Please enter the lowest student number in your group: 


Units for the values: V, mA, kOhm, mS and uF


R1 = 1.02779694281 
R2 = 2.07715672461 
R3 = 3.1156225241 
R4 = 4.11105908751 
R5 = 3.02879032081 
R6 = 2.02983164661 
R7 = 1.00454956611 
Vs = 5.18504190779 
C = 1.03147590492 
Kb = 7.00248816446 
Kd = 8.14562893937 




valores =
{
  [1,1] = 
  [1,2] = Please
  [1,3] = enter
  [1,4] = the
  [1,5] = lowest
  [1,6] = student
  [1,7] = number
  [1,8] = in
  [1,9] = your
  [1,10] = group:
  [1,11] = Units
  [1,12] = for
  [1,13] = the
  [1,14] = values:
  [1,15] = V,
  [1,16] = mA,
  [1,17] = kOhm,
  [1,18] = mS
  [1,19] = and
  [1,20] = uF
  [1,21] = R1
  [1,22] = =
  [1,23] = 1.02779694281
  [1,24] = R2
  [1,25] = =
  [1,26] = 2.07715672461
  [1,27] = R3
  [1,28] = =
  [1,29] = 3.1156225241
  [1,30] = R4
  [1,31] = =
  [1,32] = 4.11105908751
  [1,33] = R5
  [1,34] = =
  [1,35] = 3.02879032081
  [1,36] = R6
  [1,37] = =
  [1,38] = 2.02983164661
  [1,39] = R7
  [1,40] = =
  [1,41] = 1.00454956611
  [1,42] = Vs
  [1,43] = =
  [1,44] = 5.18504190779
  [1,45] = C
  [1,46] = =
  [1,47] = 1.03147590492
  [1,48] = Kb
  [1,49] = =
  [1,50] = 7.00248816446
  [1,51] = Kd
  [1,52] = =
  [1,53] = 8.14562893937
  [1,54] = 
}

A =

   1.00000   0.00000   0.00000   0.00000   0.00000   0.00000   0.00000   0.00000
   0.00000   1.00000   0.00000   0.00000   0.00000   0.00000   0.00000   0.00000
   0.00000   0.00097  -0.00178   0.00048   0.00032   0.00000   0.00000   0.00000
   0.00000   0.00000   0.00748  -0.00048  -0.00700   0.00000   0.00000   0.00000
  -4.01296   0.00000   0.00000   0.00000   1.00000   0.00000   4.01296  -1.00000
   0.00000   0.00000  -0.00700   0.00000   0.00733  -0.00033   0.00000   0.00000
   0.00049   0.00000   0.00000   0.00000   0.00000   0.00000  -0.00149   0.00100
   0.00024   0.00000   0.00032   0.00000  -0.00089   0.00033   0.00100  -0.00100

B =

   0.00000
   5.18504
   0.00000
   0.00000
   0.00000
   0.00000
   0.00000
   0.00000

X =

   2.2133e-16
   5.1850e+00
   4.9416e+00
   4.4258e+00
   4.9770e+00
   5.7290e+00
  -1.9765e+00
  -2.9547e+00

