Symbolic pkg v2.8.0: Python communication link active, SymPy v1.5.1.
R1 = (sym) 1.0277969428100000026660154617275
R2 = (sym) 2.0771567246100000048159017751459
R3 = (sym) 3.1156225240999999570590262010228
R4 = (sym) 4.1110590875100001539976801723242
R5 = (sym) 3.0287903208100002139246953447582
R6 = (sym) 2.0298316466099999288985600287560
R7 = (sym) 1.0045495661099999029630680524861
C = (sym) 1.0314759049199999640933356204187
Kb = (sym) 7.0024881644599998864464396319818
Kd = (sym) 8.1456289393700007650522820767947
R1 = (sym) 1.0277969428100000026660154617275
A1 =

   1   0   0   0   0   0   0   0

A2 =

  -1   1   0   0   0   0   0   0

A3 = (sym 1×8 matrix)

  [0  0.00097295483022745419388672347499833  -0.00177534529628929891068589877341
    0.00048142732233541821616387969379876  0.00032096314372642650063529560461295
    0  0  0]

A4 = (sym 1×8 matrix)

  [0  0  0.0074839154867954181026103193257805  -0.000481427322335418216163879693
  79876  -0.0070024881644599998864464396319818  0  0  0]

A5 = (sym 1×8 matrix)

  [-4.0129578987370348309909914440612  0  0  0  1  0  4.012957898737034830990991
  4440612  -1]

A6 = (sym 1×8 matrix)

  [0  0  -0.0070024881644599998864464396319818  0  0.007332652980799140335143756
  0205413  -0.0000064809542505031119086296788071528⋅ⅈ⋅f - 0.00033016481633914044
  869731638855954  0  0.0000064809542505031119086296788071528⋅ⅈ⋅f]

A7 = (sym 1×8 matrix)

  [0.00049265169437578199106420762731676  0  0  0  0  0  -0.00148812273307463130
  43300320968303  0.00099547103869884931326582446951356]

A8 = (sym 1×8 matrix)

  [0.00024324632137692851862393999519841  0  0.000320963143726426500635295604612
  95  0  -0.00089437428144249546795655198837091  0.00000648095425050311190862967
  88071528⋅ⅈ⋅f + 0.00033016481633914044869731638855954  0.0009954710386988493132
  6582446951356  -0.0000064809542505031119086296788071528⋅ⅈ⋅f - 0.00099547103869
  884931326582446951356]

A = (sym 8×8 matrix)

  ⎡                  1                                      0                   
  ⎢                                                                             
  ⎢                 -1                                      1                   
  ⎢                                                                             
  ⎢                  0                    0.00097295483022745419388672347499833 
  ⎢                                                                             
  ⎢                  0                                      0                   
  ⎢                                                                             
  ⎢ -4.0129578987370348309909914440612                      0                   
  ⎢                                                                             
  ⎢                  0                                      0                   
  ⎢                                                                             
  ⎢0.00049265169437578199106420762731676                    0                   
  ⎢                                                                             
  ⎣0.00024324632137692851862393999519841                    0                   
  
                     0                                      0                   
                                                                                
                     0                                      0                   
                                                                                
    -0.00177534529628929891068589877341   0.00048142732233541821616387969379876 
                                                                                
   0.0074839154867954181026103193257805   -0.00048142732233541821616387969379876
                                                                                
                     0                                      0                   
                                                                                
   -0.0070024881644599998864464396319818                    0                   
                                                                                
                     0                                      0                   
                                                                                
   0.00032096314372642650063529560461295                    0                   
  
                      0                                                         
                                                                                
                      0                                                         
                                                                                
    0.00032096314372642650063529560461295                                       
                                                                                
    -0.0070024881644599998864464396319818                                       
                                                                                
                      1                                                         
                                                                                
     0.0073326529807991403351437560205413   -0.000006480954250503111908629678807
                                                                                
                      0                                                         
                                                                                
    -0.00089437428144249546795655198837091  0.0000064809542505031119086296788071
  
       0                                                              0         
                                                                                
       0                                                              0         
                                                                                
       0                                                              0         
                                                                                
       0                                                              0         
                                                                                
       0                                              4.012957898737034830990991
                                                                                
  1528⋅ⅈ⋅f - 0.00033016481633914044869731638855954                    0         
                                                                                
       0                                            -0.0014881227330746313043300
                                                                                
  528⋅ⅈ⋅f + 0.00033016481633914044869731638855954   0.00099547103869884931326582
  
                                                      0                         
                                                                                
                                                      0                         
                                                                                
                                                      0                         
                                                                                
                                                      0                         
                                                                                
  4440612                                             -1                        
                                                                                
                                 0.0000064809542505031119086296788071528⋅ⅈ⋅f    
                                                                                
  320968303                         0.00099547103869884931326582446951356       
                                                                                
  446951356  -0.0000064809542505031119086296788071528⋅ⅈ⋅f - 0.000995471038698849
  
                   ⎤
                   ⎥
                   ⎥
                   ⎥
                   ⎥
                   ⎥
                   ⎥
                   ⎥
                   ⎥
                   ⎥
                   ⎥
                   ⎥
                   ⎥
                   ⎥
  31326582446951356⎦

B =

   0
   1
   0
   0
   0
   0
   0
   0

X = (sym 8×1 matrix)

  ⎡                                                                0            
  ⎢                                                                             
  ⎢                                                                1            
  ⎢                                                                             
  ⎢    ⎛                                       2                                
  ⎢1.0⋅⎝4.1761948595190556970945882299242e-53⋅f  + 5.048106498038381958750199736
  ⎢─────────────────────────────────────────────────────────────────────────────
  ⎢                        5.2968444748971764613688877933581e-17⋅ⅈ⋅f + 2.6984169
  ⎢                                                                             
  ⎢    ⎛                                       2                                
  ⎢1.0⋅⎝6.6819117752304891153513411678787e-52⋅f  + 4.521263968339433659479791838
  ⎢─────────────────────────────────────────────────────────────────────────────
  ⎢                        5.2968444748971764613688877933581e-17⋅ⅈ⋅f + 2.6984169
  ⎢                                                                             
  ⎢                      1.0⋅(5.0843273930129244847844952366015e-17⋅ⅈ⋅f + 2.5901
  ⎢                      ───────────────────────────────────────────────────────
  ⎢                        5.2968444748971764613688877933581e-17⋅ⅈ⋅f + 2.6984169
  ⎢                                                                             
  ⎢                        -3.0183994879050224524420108196376e-17⋅ⅈ⋅f + 2.981509
  ⎢                        ─────────────────────────────────────────────────────
  ⎢                        5.2968444748971764613688877933581e-17⋅ⅈ⋅f + 2.6984169
  ⎢                                                                             
  ⎢                       -(2.0191407648378397875898242500116e-17⋅ⅈ⋅f + 1.028628
  ⎢                       ──────────────────────────────────────────────────────
  ⎢                        5.2968444748971764613688877933581e-17⋅ⅈ⋅f + 2.6984169
  ⎢                                                                             
  ⎢                      -(3.0183994879050224524420108196376e-17⋅ⅈ⋅f + 1.5376891
  ⎢                      ───────────────────────────────────────────────────────
  ⎣                        5.2968444748971764613688877933581e-17⋅ⅈ⋅f + 2.6984169
  
                                                       ⎤
                                                       ⎥
                                                       ⎥
                                                       ⎥
                                                      ⎞⎥
  3847e-17⋅ⅈ⋅f + 2.5717002317303482615451735026896e-15⎠⎥
  ─────────────────────────────────────────────────────⎥
  547187538420707040227106e-15                         ⎥
                                                       ⎥
                                                      ⎞⎥
  3839e-17⋅ⅈ⋅f + 2.3033063188367366531018513642009e-15⎠⎥
  ─────────────────────────────────────────────────────⎥
  547187538420707040227106e-15                         ⎥
                                                       ⎥
  52553216772533245602144576e-15)                      ⎥
  ───────────────────────────────                      ⎥
  547187538420707040227106e-15                         ⎥
                                                       ⎥
  1012832754150702161452611e-15                        ⎥
  ─────────────────────────────                        ⎥
  547187538420707040227106e-15                         ⎥
                                                       ⎥
  214330945844678633453687e-15)                        ⎥
  ──────────────────────────────                       ⎥
  547187538420707040227106e-15                         ⎥
                                                       ⎥
  643463682020697752391381e-15)                        ⎥
  ──────────────────────────────                       ⎥
  547187538420707040227106e-15                         ⎦

N6 = (sym)

  -3.0183994879050224524420108196376e-17⋅ⅈ⋅f + 2.9815091012832754150702161452611
  e-15

D6 = (sym)

  5.2968444748971764613688877933581e-17⋅ⅈ⋅f + 2.6984169547187538420707040227106e
  -15

N8 = (sym)

  -3.0183994879050224524420108196376e-17⋅ⅈ⋅f - 1.5376891643463682020697752391381
  e-15

D8 = (sym)

  5.2968444748971764613688877933581e-17⋅ⅈ⋅f + 2.6984169547187538420707040227106e
  -15

N6 = (sym 1×2 matrix)

  [-3.0183994879050224524420108196376e-17⋅f  2.9815091012832754150702161452611e-
  15]

D6 = (sym 1×2 matrix)

  [5.2968444748971764613688877933581e-17⋅f  2.6984169547187538420707040227106e-1
  5]

N8 = (sym 1×2 matrix)

  [-3.0183994879050224524420108196376e-17⋅f  -1.5376891643463682020697752391381e
  -15]

D8 = (sym 1×2 matrix)

  [5.2968444748971764613688877933581e-17⋅f  2.6984169547187538420707040227106e-1
  5]

valores4 =
{
  [1,1] = -3.0183994879050224524420108196376e-17
  [1,2] = 2.9815091012832754150702161452611e-15
  [1,3] = 5.2968444748971764613688877933581e-17
  [1,4] = 2.6984169547187538420707040227106e-15
  [1,5] = -3.0183994879050224524420108196376e-17
  [1,6] = -1.5376891643463682020697752391381e-15
  [1,7] = 5.2968444748971764613688877933581e-17
  [1,8] = 2.6984169547187538420707040227106e-15
}

